<?xml version="1.0" encoding="UTF-8"?>
<!-- Generated by org.testng.reporters.JUnitXMLReporter -->
<testsuite ignored="8" hostname="LT-LE-535" failures="0" tests="0" time="0.008" errors="0" timestamp="2023-10-20T11:28:24 PKT">
  <testcase classname="zBoxMicroBank.userManagement.UseCaseManagmentTest" name="createUsecase" time="0.0">
    <ignored/>
  </testcase> <!-- createUsecase -->
  <testcase classname="zBoxMicroBank.userManagement.UseCaseManagmentTest" name="updateUseCase" time="0.0">
    <ignored/>
  </testcase> <!-- updateUseCase -->
  <testcase classname="zBoxMicroBank.userManagement.UserManagemantTest" name="Test03" time="0.0">
    <ignored/>
  </testcase> <!-- Test03 -->
  <testcase classname="zBoxMicroBank.userManagement.UserManagemantTest" name="Test02" time="0.0">
    <ignored/>
  </testcase> <!-- Test02 -->
  <testcase classname="zBoxMicroBank.userManagement.UserManagemantTest" name="Test04" time="0.0">
    <ignored/>
  </testcase> <!-- Test04 -->
  <testcase classname="zBoxMicroBank.userManagement.UserManagemantTest" name="Test01" time="0.0">
    <ignored/>
  </testcase> <!-- Test01 -->
  <testcase classname="zBoxMicroBank.userManagement.UseCaseManagmentTest" name="getAllUseCases" time="0.0">
    <ignored/>
  </testcase> <!-- getAllUseCases -->
  <testcase classname="zBoxMicroBank.userManagement.UseCaseManagmentTest" name="dbConnection" time="0.0">
    <ignored/>
  </testcase> <!-- dbConnection -->
</testsuite>
